#! /usr/bin/vvp
:ivl_version "10.1 (stable)";
:ivl_delay_selection "TYPICAL";
:vpi_time_precision + 0;
:vpi_module "system";
:vpi_module "vhdl_sys";
:vpi_module "v2005_math";
:vpi_module "va_math";
S_0x55f7c96bf3d0 .scope module, "top" "top" 2 3;
 .timescale 0 0;
v0x55f7c96dffe0_0 .var "clk", 0 0;
v0x55f7c96e00a0_0 .var "read_addr", 16 0;
v0x55f7c96e0140_0 .net "read_data", 31 0, v0x55f7c96df880_0;  1 drivers
v0x55f7c96e01e0_0 .var "read_enable", 0 0;
v0x55f7c96e02b0_0 .var "write_addr", 16 0;
v0x55f7c96e0350_0 .var "write_data", 31 0;
v0x55f7c96e0420_0 .var "write_enable", 0 0;
S_0x55f7c96bf550 .scope module, "C1" "cache" 2 11, 3 1 0, S_0x55f7c96bf3d0;
 .timescale 0 0;
    .port_info 0 /OUTPUT 32 "read_data"
    .port_info 1 /INPUT 17 "read_addr"
    .port_info 2 /INPUT 17 "write_addr"
    .port_info 3 /INPUT 32 "write_data"
    .port_info 4 /INPUT 1 "read_enable"
    .port_info 5 /INPUT 1 "write_enable"
    .port_info 6 /INPUT 1 "clk"
v0x55f7c96bf7d0_0 .net "block_off_r", 3 0, L_0x55f7c96e06b0;  1 drivers
v0x55f7c96def70_0 .net "block_off_w", 3 0, L_0x55f7c96e0920;  1 drivers
v0x55f7c96df050 .array "cache", 16383 0, 31 0;
v0x55f7c96df0f0 .array "cache_tags", 0 1023, 2 0;
v0x55f7c96df1b0_0 .net "clk", 0 0, v0x55f7c96dffe0_0;  1 drivers
v0x55f7c96df2c0 .array "dirty", 0 1023, 0 0;
v0x55f7c96df360_0 .var/i "i", 31 0;
v0x55f7c96df440_0 .var/i "j", 31 0;
v0x55f7c96df520_0 .net "line_r", 9 0, L_0x55f7c96e0610;  1 drivers
v0x55f7c96df600_0 .net "line_w", 9 0, L_0x55f7c96e0880;  1 drivers
v0x55f7c96df6e0 .array "main_memory", 131071 0, 31 0;
v0x55f7c96df7a0_0 .net "read_addr", 16 0, v0x55f7c96e00a0_0;  1 drivers
v0x55f7c96df880_0 .var "read_data", 31 0;
v0x55f7c96df960_0 .net "read_enable", 0 0, v0x55f7c96e01e0_0;  1 drivers
v0x55f7c96dfa20_0 .net "tag_r", 2 0, L_0x55f7c96e04f0;  1 drivers
v0x55f7c96dfb00_0 .net "tag_w", 2 0, L_0x55f7c96e0780;  1 drivers
v0x55f7c96dfbe0 .array "valid", 0 1023, 0 0;
v0x55f7c96dfc80_0 .net "write_addr", 16 0, v0x55f7c96e02b0_0;  1 drivers
v0x55f7c96dfd60_0 .net "write_data", 31 0, v0x55f7c96e0350_0;  1 drivers
v0x55f7c96dfe40_0 .net "write_enable", 0 0, v0x55f7c96e0420_0;  1 drivers
E_0x55f7c9662b40 .event posedge, v0x55f7c96df1b0_0;
L_0x55f7c96e04f0 .part v0x55f7c96e00a0_0, 14, 3;
L_0x55f7c96e0610 .part v0x55f7c96e00a0_0, 4, 10;
L_0x55f7c96e06b0 .part v0x55f7c96e00a0_0, 0, 4;
L_0x55f7c96e0780 .part v0x55f7c96e02b0_0, 14, 3;
L_0x55f7c96e0880 .part v0x55f7c96e02b0_0, 4, 10;
L_0x55f7c96e0920 .part v0x55f7c96e02b0_0, 0, 4;
    .scope S_0x55f7c96bf550;
T_0 ;
    %wait E_0x55f7c9662b40;
    %load/vec4 v0x55f7c96df960_0;
    %flag_set/vec4 8;
    %jmp/0xz  T_0.0, 8;
    %load/vec4 v0x55f7c96df520_0;
    %pad/u 12;
    %ix/vec4 4;
    %load/vec4a v0x55f7c96df0f0, 4;
    %load/vec4 v0x55f7c96dfa20_0;
    %cmp/e;
    %flag_get/vec4 4;
    %load/vec4 v0x55f7c96df520_0;
    %pad/u 12;
    %ix/vec4 4;
    %load/vec4a v0x55f7c96dfbe0, 4;
    %pushi/vec4 1, 0, 1;
    %cmp/e;
    %flag_get/vec4 4;
    %and;
    %flag_set/vec4 8;
    %jmp/0xz  T_0.2, 8;
    %vpi_call 3 37 "$display", "%d # Hit: Reading", $time {0 0 0};
    %load/vec4 v0x55f7c96df520_0;
    %pad/u 17;
    %pad/u 21;
    %muli 16, 0, 21;
    %pad/u 22;
    %load/vec4 v0x55f7c96bf7d0_0;
    %pad/u 6;
    %pad/u 22;
    %add;
    %ix/vec4 4;
    %load/vec4a v0x55f7c96df050, 4;
    %store/vec4 v0x55f7c96df880_0, 0, 32;
    %jmp T_0.3;
T_0.2 ;
    %vpi_call 3 42 "$display", "%d # Miss", $time {0 0 0};
    %load/vec4 v0x55f7c96df600_0;
    %pad/u 12;
    %ix/vec4 4;
    %load/vec4a v0x55f7c96df2c0, 4;
    %cmpi/e 1, 0, 1;
    %jmp/0xz  T_0.4, 4;
    %vpi_call 3 46 "$display", "%d # dirty line", $time {0 0 0};
    %load/vec4 v0x55f7c96df520_0;
    %pad/u 17;
    %pad/u 21;
    %muli 16, 0, 21;
    %ix/vec4 4;
    %load/vec4a v0x55f7c96df050, 4;
    %load/vec4 v0x55f7c96df520_0;
    %pad/u 12;
    %ix/vec4 5;
    %load/vec4a v0x55f7c96df0f0, 5;
    %load/vec4 v0x55f7c96df520_0;
    %concat/vec4; draw_concat_vec4
    %pad/u 20;
    %pad/u 24;
    %muli 16, 0, 24;
    %ix/vec4 4;
    %store/vec4a v0x55f7c96df6e0, 4, 0;
    %load/vec4 v0x55f7c96df520_0;
    %pad/u 17;
    %pad/u 21;
    %muli 16, 0, 21;
    %pad/u 22;
    %pushi/vec4 1, 0, 2;
    %pad/s 22;
    %add;
    %ix/vec4 4;
    %load/vec4a v0x55f7c96df050, 4;
    %load/vec4 v0x55f7c96df520_0;
    %pad/u 12;
    %ix/vec4 5;
    %load/vec4a v0x55f7c96df0f0, 5;
    %load/vec4 v0x55f7c96df520_0;
    %concat/vec4; draw_concat_vec4
    %pad/u 20;
    %pad/u 24;
    %muli 16, 0, 24;
    %pad/u 25;
    %pushi/vec4 1, 0, 2;
    %pad/s 25;
    %add;
    %ix/vec4 4;
    %store/vec4a v0x55f7c96df6e0, 4, 0;
    %load/vec4 v0x55f7c96df520_0;
    %pad/u 17;
    %pad/u 21;
    %muli 16, 0, 21;
    %pad/u 22;
    %pushi/vec4 2, 0, 3;
    %pad/s 22;
    %add;
    %ix/vec4 4;
    %load/vec4a v0x55f7c96df050, 4;
    %load/vec4 v0x55f7c96df520_0;
    %pad/u 12;
    %ix/vec4 5;
    %load/vec4a v0x55f7c96df0f0, 5;
    %load/vec4 v0x55f7c96df520_0;
    %concat/vec4; draw_concat_vec4
    %pad/u 20;
    %pad/u 24;
    %muli 16, 0, 24;
    %pad/u 25;
    %pushi/vec4 2, 0, 3;
    %pad/s 25;
    %add;
    %ix/vec4 4;
    %store/vec4a v0x55f7c96df6e0, 4, 0;
    %load/vec4 v0x55f7c96df520_0;
    %pad/u 17;
    %pad/u 21;
    %muli 16, 0, 21;
    %pad/u 22;
    %pushi/vec4 3, 0, 3;
    %pad/s 22;
    %add;
    %ix/vec4 4;
    %load/vec4a v0x55f7c96df050, 4;
    %load/vec4 v0x55f7c96df520_0;
    %pad/u 12;
    %ix/vec4 5;
    %load/vec4a v0x55f7c96df0f0, 5;
    %load/vec4 v0x55f7c96df520_0;
    %concat/vec4; draw_concat_vec4
    %pad/u 20;
    %pad/u 24;
    %muli 16, 0, 24;
    %pad/u 25;
    %pushi/vec4 3, 0, 3;
    %pad/s 25;
    %add;
    %ix/vec4 4;
    %store/vec4a v0x55f7c96df6e0, 4, 0;
    %load/vec4 v0x55f7c96df520_0;
    %pad/u 17;
    %pad/u 21;
    %muli 16, 0, 21;
    %pad/u 22;
    %pushi/vec4 4, 0, 4;
    %pad/s 22;
    %add;
    %ix/vec4 4;
    %load/vec4a v0x55f7c96df050, 4;
    %load/vec4 v0x55f7c96df520_0;
    %pad/u 12;
    %ix/vec4 5;
    %load/vec4a v0x55f7c96df0f0, 5;
    %load/vec4 v0x55f7c96df520_0;
    %concat/vec4; draw_concat_vec4
    %pad/u 20;
    %pad/u 24;
    %muli 16, 0, 24;
    %pad/u 25;
    %pushi/vec4 4, 0, 4;
    %pad/s 25;
    %add;
    %ix/vec4 4;
    %store/vec4a v0x55f7c96df6e0, 4, 0;
    %load/vec4 v0x55f7c96df520_0;
    %pad/u 17;
    %pad/u 21;
    %muli 16, 0, 21;
    %pad/u 22;
    %pushi/vec4 5, 0, 4;
    %pad/s 22;
    %add;
    %ix/vec4 4;
    %load/vec4a v0x55f7c96df050, 4;
    %load/vec4 v0x55f7c96df520_0;
    %pad/u 12;
    %ix/vec4 5;
    %load/vec4a v0x55f7c96df0f0, 5;
    %load/vec4 v0x55f7c96df520_0;
    %concat/vec4; draw_concat_vec4
    %pad/u 20;
    %pad/u 24;
    %muli 16, 0, 24;
    %pad/u 25;
    %pushi/vec4 5, 0, 4;
    %pad/s 25;
    %add;
    %ix/vec4 4;
    %store/vec4a v0x55f7c96df6e0, 4, 0;
    %load/vec4 v0x55f7c96df520_0;
    %pad/u 17;
    %pad/u 21;
    %muli 16, 0, 21;
    %pad/u 22;
    %pushi/vec4 6, 0, 4;
    %pad/s 22;
    %add;
    %ix/vec4 4;
    %load/vec4a v0x55f7c96df050, 4;
    %load/vec4 v0x55f7c96df520_0;
    %pad/u 12;
    %ix/vec4 5;
    %load/vec4a v0x55f7c96df0f0, 5;
    %load/vec4 v0x55f7c96df520_0;
    %concat/vec4; draw_concat_vec4
    %pad/u 20;
    %pad/u 24;
    %muli 16, 0, 24;
    %pad/u 25;
    %pushi/vec4 6, 0, 4;
    %pad/s 25;
    %add;
    %ix/vec4 4;
    %store/vec4a v0x55f7c96df6e0, 4, 0;
    %load/vec4 v0x55f7c96df520_0;
    %pad/u 17;
    %pad/u 21;
    %muli 16, 0, 21;
    %pad/u 22;
    %pushi/vec4 7, 0, 4;
    %pad/s 22;
    %add;
    %ix/vec4 4;
    %load/vec4a v0x55f7c96df050, 4;
    %load/vec4 v0x55f7c96df520_0;
    %pad/u 12;
    %ix/vec4 5;
    %load/vec4a v0x55f7c96df0f0, 5;
    %load/vec4 v0x55f7c96df520_0;
    %concat/vec4; draw_concat_vec4
    %pad/u 20;
    %pad/u 24;
    %muli 16, 0, 24;
    %pad/u 25;
    %pushi/vec4 7, 0, 4;
    %pad/s 25;
    %add;
    %ix/vec4 4;
    %store/vec4a v0x55f7c96df6e0, 4, 0;
    %load/vec4 v0x55f7c96df520_0;
    %pad/u 17;
    %pad/u 21;
    %muli 16, 0, 21;
    %pad/u 22;
    %pushi/vec4 8, 0, 5;
    %pad/s 22;
    %add;
    %ix/vec4 4;
    %load/vec4a v0x55f7c96df050, 4;
    %load/vec4 v0x55f7c96df520_0;
    %pad/u 12;
    %ix/vec4 5;
    %load/vec4a v0x55f7c96df0f0, 5;
    %load/vec4 v0x55f7c96df520_0;
    %concat/vec4; draw_concat_vec4
    %pad/u 20;
    %pad/u 24;
    %muli 16, 0, 24;
    %pad/u 25;
    %pushi/vec4 8, 0, 5;
    %pad/s 25;
    %add;
    %ix/vec4 4;
    %store/vec4a v0x55f7c96df6e0, 4, 0;
    %load/vec4 v0x55f7c96df520_0;
    %pad/u 17;
    %pad/u 21;
    %muli 16, 0, 21;
    %pad/u 22;
    %pushi/vec4 9, 0, 5;
    %pad/s 22;
    %add;
    %ix/vec4 4;
    %load/vec4a v0x55f7c96df050, 4;
    %load/vec4 v0x55f7c96df520_0;
    %pad/u 12;
    %ix/vec4 5;
    %load/vec4a v0x55f7c96df0f0, 5;
    %load/vec4 v0x55f7c96df520_0;
    %concat/vec4; draw_concat_vec4
    %pad/u 20;
    %pad/u 24;
    %muli 16, 0, 24;
    %pad/u 25;
    %pushi/vec4 9, 0, 5;
    %pad/s 25;
    %add;
    %ix/vec4 4;
    %store/vec4a v0x55f7c96df6e0, 4, 0;
    %load/vec4 v0x55f7c96df520_0;
    %pad/u 17;
    %pad/u 21;
    %muli 16, 0, 21;
    %pad/u 22;
    %pushi/vec4 10, 0, 5;
    %pad/s 22;
    %add;
    %ix/vec4 4;
    %load/vec4a v0x55f7c96df050, 4;
    %load/vec4 v0x55f7c96df520_0;
    %pad/u 12;
    %ix/vec4 5;
    %load/vec4a v0x55f7c96df0f0, 5;
    %load/vec4 v0x55f7c96df520_0;
    %concat/vec4; draw_concat_vec4
    %pad/u 20;
    %pad/u 24;
    %muli 16, 0, 24;
    %pad/u 25;
    %pushi/vec4 10, 0, 5;
    %pad/s 25;
    %add;
    %ix/vec4 4;
    %store/vec4a v0x55f7c96df6e0, 4, 0;
    %load/vec4 v0x55f7c96df520_0;
    %pad/u 17;
    %pad/u 21;
    %muli 16, 0, 21;
    %pad/u 22;
    %pushi/vec4 11, 0, 5;
    %pad/s 22;
    %add;
    %ix/vec4 4;
    %load/vec4a v0x55f7c96df050, 4;
    %load/vec4 v0x55f7c96df520_0;
    %pad/u 12;
    %ix/vec4 5;
    %load/vec4a v0x55f7c96df0f0, 5;
    %load/vec4 v0x55f7c96df520_0;
    %concat/vec4; draw_concat_vec4
    %pad/u 20;
    %pad/u 24;
    %muli 16, 0, 24;
    %pad/u 25;
    %pushi/vec4 11, 0, 5;
    %pad/s 25;
    %add;
    %ix/vec4 4;
    %store/vec4a v0x55f7c96df6e0, 4, 0;
    %load/vec4 v0x55f7c96df520_0;
    %pad/u 17;
    %pad/u 21;
    %muli 16, 0, 21;
    %pad/u 22;
    %pushi/vec4 12, 0, 5;
    %pad/s 22;
    %add;
    %ix/vec4 4;
    %load/vec4a v0x55f7c96df050, 4;
    %load/vec4 v0x55f7c96df520_0;
    %pad/u 12;
    %ix/vec4 5;
    %load/vec4a v0x55f7c96df0f0, 5;
    %load/vec4 v0x55f7c96df520_0;
    %concat/vec4; draw_concat_vec4
    %pad/u 20;
    %pad/u 24;
    %muli 16, 0, 24;
    %pad/u 25;
    %pushi/vec4 12, 0, 5;
    %pad/s 25;
    %add;
    %ix/vec4 4;
    %store/vec4a v0x55f7c96df6e0, 4, 0;
    %load/vec4 v0x55f7c96df520_0;
    %pad/u 17;
    %pad/u 21;
    %muli 16, 0, 21;
    %pad/u 22;
    %pushi/vec4 13, 0, 5;
    %pad/s 22;
    %add;
    %ix/vec4 4;
    %load/vec4a v0x55f7c96df050, 4;
    %load/vec4 v0x55f7c96df520_0;
    %pad/u 12;
    %ix/vec4 5;
    %load/vec4a v0x55f7c96df0f0, 5;
    %load/vec4 v0x55f7c96df520_0;
    %concat/vec4; draw_concat_vec4
    %pad/u 20;
    %pad/u 24;
    %muli 16, 0, 24;
    %pad/u 25;
    %pushi/vec4 13, 0, 5;
    %pad/s 25;
    %add;
    %ix/vec4 4;
    %store/vec4a v0x55f7c96df6e0, 4, 0;
    %load/vec4 v0x55f7c96df520_0;
    %pad/u 17;
    %pad/u 21;
    %muli 16, 0, 21;
    %pad/u 22;
    %pushi/vec4 14, 0, 5;
    %pad/s 22;
    %add;
    %ix/vec4 4;
    %load/vec4a v0x55f7c96df050, 4;
    %load/vec4 v0x55f7c96df520_0;
    %pad/u 12;
    %ix/vec4 5;
    %load/vec4a v0x55f7c96df0f0, 5;
    %load/vec4 v0x55f7c96df520_0;
    %concat/vec4; draw_concat_vec4
    %pad/u 20;
    %pad/u 24;
    %muli 16, 0, 24;
    %pad/u 25;
    %pushi/vec4 14, 0, 5;
    %pad/s 25;
    %add;
    %ix/vec4 4;
    %store/vec4a v0x55f7c96df6e0, 4, 0;
    %load/vec4 v0x55f7c96df520_0;
    %pad/u 17;
    %pad/u 21;
    %muli 16, 0, 21;
    %pad/u 22;
    %pushi/vec4 15, 0, 5;
    %pad/s 22;
    %add;
    %ix/vec4 4;
    %load/vec4a v0x55f7c96df050, 4;
    %load/vec4 v0x55f7c96df520_0;
    %pad/u 12;
    %ix/vec4 5;
    %load/vec4a v0x55f7c96df0f0, 5;
    %load/vec4 v0x55f7c96df520_0;
    %concat/vec4; draw_concat_vec4
    %pad/u 20;
    %pad/u 24;
    %muli 16, 0, 24;
    %pad/u 25;
    %pushi/vec4 15, 0, 5;
    %pad/s 25;
    %add;
    %ix/vec4 4;
    %store/vec4a v0x55f7c96df6e0, 4, 0;
    %pushi/vec4 0, 0, 1;
    %load/vec4 v0x55f7c96df520_0;
    %pad/u 12;
    %ix/vec4 4;
    %store/vec4a v0x55f7c96df2c0, 4, 0;
    %jmp T_0.5;
T_0.4 ;
    %vpi_call 3 67 "$display", "%d # bringing ram block to cache", $time {0 0 0};
    %load/vec4 v0x55f7c96dfa20_0;
    %load/vec4 v0x55f7c96df520_0;
    %concat/vec4; draw_concat_vec4
    %pad/u 20;
    %pad/u 24;
    %muli 16, 0, 24;
    %ix/vec4 4;
    %load/vec4a v0x55f7c96df6e0, 4;
    %load/vec4 v0x55f7c96df520_0;
    %pad/u 17;
    %pad/u 21;
    %muli 16, 0, 21;
    %ix/vec4 4;
    %store/vec4a v0x55f7c96df050, 4, 0;
    %load/vec4 v0x55f7c96dfa20_0;
    %load/vec4 v0x55f7c96df520_0;
    %concat/vec4; draw_concat_vec4
    %pad/u 20;
    %pad/u 24;
    %muli 16, 0, 24;
    %pad/u 25;
    %pushi/vec4 1, 0, 2;
    %pad/s 25;
    %add;
    %ix/vec4 4;
    %load/vec4a v0x55f7c96df6e0, 4;
    %load/vec4 v0x55f7c96df520_0;
    %pad/u 17;
    %pad/u 21;
    %muli 16, 0, 21;
    %pad/u 22;
    %pushi/vec4 1, 0, 2;
    %pad/s 22;
    %add;
    %ix/vec4 4;
    %store/vec4a v0x55f7c96df050, 4, 0;
    %load/vec4 v0x55f7c96dfa20_0;
    %load/vec4 v0x55f7c96df520_0;
    %concat/vec4; draw_concat_vec4
    %pad/u 20;
    %pad/u 24;
    %muli 16, 0, 24;
    %pad/u 25;
    %pushi/vec4 2, 0, 3;
    %pad/s 25;
    %add;
    %ix/vec4 4;
    %load/vec4a v0x55f7c96df6e0, 4;
    %load/vec4 v0x55f7c96df520_0;
    %pad/u 17;
    %pad/u 21;
    %muli 16, 0, 21;
    %pad/u 22;
    %pushi/vec4 2, 0, 3;
    %pad/s 22;
    %add;
    %ix/vec4 4;
    %store/vec4a v0x55f7c96df050, 4, 0;
    %load/vec4 v0x55f7c96dfa20_0;
    %load/vec4 v0x55f7c96df520_0;
    %concat/vec4; draw_concat_vec4
    %pad/u 20;
    %pad/u 24;
    %muli 16, 0, 24;
    %pad/u 25;
    %pushi/vec4 3, 0, 3;
    %pad/s 25;
    %add;
    %ix/vec4 4;
    %load/vec4a v0x55f7c96df6e0, 4;
    %load/vec4 v0x55f7c96df520_0;
    %pad/u 17;
    %pad/u 21;
    %muli 16, 0, 21;
    %pad/u 22;
    %pushi/vec4 3, 0, 3;
    %pad/s 22;
    %add;
    %ix/vec4 4;
    %store/vec4a v0x55f7c96df050, 4, 0;
    %load/vec4 v0x55f7c96dfa20_0;
    %load/vec4 v0x55f7c96df520_0;
    %concat/vec4; draw_concat_vec4
    %pad/u 20;
    %pad/u 24;
    %muli 16, 0, 24;
    %pad/u 25;
    %pushi/vec4 4, 0, 4;
    %pad/s 25;
    %add;
    %ix/vec4 4;
    %load/vec4a v0x55f7c96df6e0, 4;
    %load/vec4 v0x55f7c96df520_0;
    %pad/u 17;
    %pad/u 21;
    %muli 16, 0, 21;
    %pad/u 22;
    %pushi/vec4 4, 0, 4;
    %pad/s 22;
    %add;
    %ix/vec4 4;
    %store/vec4a v0x55f7c96df050, 4, 0;
    %load/vec4 v0x55f7c96dfa20_0;
    %load/vec4 v0x55f7c96df520_0;
    %concat/vec4; draw_concat_vec4
    %pad/u 20;
    %pad/u 24;
    %muli 16, 0, 24;
    %pad/u 25;
    %pushi/vec4 5, 0, 4;
    %pad/s 25;
    %add;
    %ix/vec4 4;
    %load/vec4a v0x55f7c96df6e0, 4;
    %load/vec4 v0x55f7c96df520_0;
    %pad/u 17;
    %pad/u 21;
    %muli 16, 0, 21;
    %pad/u 22;
    %pushi/vec4 5, 0, 4;
    %pad/s 22;
    %add;
    %ix/vec4 4;
    %store/vec4a v0x55f7c96df050, 4, 0;
    %load/vec4 v0x55f7c96dfa20_0;
    %load/vec4 v0x55f7c96df520_0;
    %concat/vec4; draw_concat_vec4
    %pad/u 20;
    %pad/u 24;
    %muli 16, 0, 24;
    %pad/u 25;
    %pushi/vec4 6, 0, 4;
    %pad/s 25;
    %add;
    %ix/vec4 4;
    %load/vec4a v0x55f7c96df6e0, 4;
    %load/vec4 v0x55f7c96df520_0;
    %pad/u 17;
    %pad/u 21;
    %muli 16, 0, 21;
    %pad/u 22;
    %pushi/vec4 6, 0, 4;
    %pad/s 22;
    %add;
    %ix/vec4 4;
    %store/vec4a v0x55f7c96df050, 4, 0;
    %load/vec4 v0x55f7c96dfa20_0;
    %load/vec4 v0x55f7c96df520_0;
    %concat/vec4; draw_concat_vec4
    %pad/u 20;
    %pad/u 24;
    %muli 16, 0, 24;
    %pad/u 25;
    %pushi/vec4 7, 0, 4;
    %pad/s 25;
    %add;
    %ix/vec4 4;
    %load/vec4a v0x55f7c96df6e0, 4;
    %load/vec4 v0x55f7c96df520_0;
    %pad/u 17;
    %pad/u 21;
    %muli 16, 0, 21;
    %pad/u 22;
    %pushi/vec4 7, 0, 4;
    %pad/s 22;
    %add;
    %ix/vec4 4;
    %store/vec4a v0x55f7c96df050, 4, 0;
    %load/vec4 v0x55f7c96dfa20_0;
    %load/vec4 v0x55f7c96df520_0;
    %concat/vec4; draw_concat_vec4
    %pad/u 20;
    %pad/u 24;
    %muli 16, 0, 24;
    %pad/u 25;
    %pushi/vec4 8, 0, 5;
    %pad/s 25;
    %add;
    %ix/vec4 4;
    %load/vec4a v0x55f7c96df6e0, 4;
    %load/vec4 v0x55f7c96df520_0;
    %pad/u 17;
    %pad/u 21;
    %muli 16, 0, 21;
    %pad/u 22;
    %pushi/vec4 8, 0, 5;
    %pad/s 22;
    %add;
    %ix/vec4 4;
    %store/vec4a v0x55f7c96df050, 4, 0;
    %load/vec4 v0x55f7c96dfa20_0;
    %load/vec4 v0x55f7c96df520_0;
    %concat/vec4; draw_concat_vec4
    %pad/u 20;
    %pad/u 24;
    %muli 16, 0, 24;
    %pad/u 25;
    %pushi/vec4 9, 0, 5;
    %pad/s 25;
    %add;
    %ix/vec4 4;
    %load/vec4a v0x55f7c96df6e0, 4;
    %load/vec4 v0x55f7c96df520_0;
    %pad/u 17;
    %pad/u 21;
    %muli 16, 0, 21;
    %pad/u 22;
    %pushi/vec4 9, 0, 5;
    %pad/s 22;
    %add;
    %ix/vec4 4;
    %store/vec4a v0x55f7c96df050, 4, 0;
    %load/vec4 v0x55f7c96dfa20_0;
    %load/vec4 v0x55f7c96df520_0;
    %concat/vec4; draw_concat_vec4
    %pad/u 20;
    %pad/u 24;
    %muli 16, 0, 24;
    %pad/u 25;
    %pushi/vec4 10, 0, 5;
    %pad/s 25;
    %add;
    %ix/vec4 4;
    %load/vec4a v0x55f7c96df6e0, 4;
    %load/vec4 v0x55f7c96df520_0;
    %pad/u 17;
    %pad/u 21;
    %muli 16, 0, 21;
    %pad/u 22;
    %pushi/vec4 10, 0, 5;
    %pad/s 22;
    %add;
    %ix/vec4 4;
    %store/vec4a v0x55f7c96df050, 4, 0;
    %load/vec4 v0x55f7c96dfa20_0;
    %load/vec4 v0x55f7c96df520_0;
    %concat/vec4; draw_concat_vec4
    %pad/u 20;
    %pad/u 24;
    %muli 16, 0, 24;
    %pad/u 25;
    %pushi/vec4 11, 0, 5;
    %pad/s 25;
    %add;
    %ix/vec4 4;
    %load/vec4a v0x55f7c96df6e0, 4;
    %load/vec4 v0x55f7c96df520_0;
    %pad/u 17;
    %pad/u 21;
    %muli 16, 0, 21;
    %pad/u 22;
    %pushi/vec4 11, 0, 5;
    %pad/s 22;
    %add;
    %ix/vec4 4;
    %store/vec4a v0x55f7c96df050, 4, 0;
    %load/vec4 v0x55f7c96dfa20_0;
    %load/vec4 v0x55f7c96df520_0;
    %concat/vec4; draw_concat_vec4
    %pad/u 20;
    %pad/u 24;
    %muli 16, 0, 24;
    %pad/u 25;
    %pushi/vec4 12, 0, 5;
    %pad/s 25;
    %add;
    %ix/vec4 4;
    %load/vec4a v0x55f7c96df6e0, 4;
    %load/vec4 v0x55f7c96df520_0;
    %pad/u 17;
    %pad/u 21;
    %muli 16, 0, 21;
    %pad/u 22;
    %pushi/vec4 12, 0, 5;
    %pad/s 22;
    %add;
    %ix/vec4 4;
    %store/vec4a v0x55f7c96df050, 4, 0;
    %load/vec4 v0x55f7c96dfa20_0;
    %load/vec4 v0x55f7c96df520_0;
    %concat/vec4; draw_concat_vec4
    %pad/u 20;
    %pad/u 24;
    %muli 16, 0, 24;
    %pad/u 25;
    %pushi/vec4 13, 0, 5;
    %pad/s 25;
    %add;
    %ix/vec4 4;
    %load/vec4a v0x55f7c96df6e0, 4;
    %load/vec4 v0x55f7c96df520_0;
    %pad/u 17;
    %pad/u 21;
    %muli 16, 0, 21;
    %pad/u 22;
    %pushi/vec4 13, 0, 5;
    %pad/s 22;
    %add;
    %ix/vec4 4;
    %store/vec4a v0x55f7c96df050, 4, 0;
    %load/vec4 v0x55f7c96dfa20_0;
    %load/vec4 v0x55f7c96df520_0;
    %concat/vec4; draw_concat_vec4
    %pad/u 20;
    %pad/u 24;
    %muli 16, 0, 24;
    %pad/u 25;
    %pushi/vec4 14, 0, 5;
    %pad/s 25;
    %add;
    %ix/vec4 4;
    %load/vec4a v0x55f7c96df6e0, 4;
    %load/vec4 v0x55f7c96df520_0;
    %pad/u 17;
    %pad/u 21;
    %muli 16, 0, 21;
    %pad/u 22;
    %pushi/vec4 14, 0, 5;
    %pad/s 22;
    %add;
    %ix/vec4 4;
    %store/vec4a v0x55f7c96df050, 4, 0;
    %load/vec4 v0x55f7c96dfa20_0;
    %load/vec4 v0x55f7c96df520_0;
    %concat/vec4; draw_concat_vec4
    %pad/u 20;
    %pad/u 24;
    %muli 16, 0, 24;
    %pad/u 25;
    %pushi/vec4 15, 0, 5;
    %pad/s 25;
    %add;
    %ix/vec4 4;
    %load/vec4a v0x55f7c96df6e0, 4;
    %load/vec4 v0x55f7c96df520_0;
    %pad/u 17;
    %pad/u 21;
    %muli 16, 0, 21;
    %pad/u 22;
    %pushi/vec4 15, 0, 5;
    %pad/s 22;
    %add;
    %ix/vec4 4;
    %store/vec4a v0x55f7c96df050, 4, 0;
    %pushi/vec4 1, 0, 1;
    %load/vec4 v0x55f7c96df520_0;
    %pad/u 12;
    %ix/vec4 4;
    %store/vec4a v0x55f7c96dfbe0, 4, 0;
    %load/vec4 v0x55f7c96dfa20_0;
    %load/vec4 v0x55f7c96df520_0;
    %pad/u 12;
    %ix/vec4 4;
    %store/vec4a v0x55f7c96df0f0, 4, 0;
T_0.5 ;
T_0.3 ;
T_0.0 ;
    %load/vec4 v0x55f7c96dfe40_0;
    %flag_set/vec4 8;
    %jmp/0xz  T_0.6, 8;
    %load/vec4 v0x55f7c96df600_0;
    %pad/u 12;
    %ix/vec4 4;
    %load/vec4a v0x55f7c96df0f0, 4;
    %load/vec4 v0x55f7c96dfb00_0;
    %cmp/e;
    %flag_get/vec4 4;
    %load/vec4 v0x55f7c96df600_0;
    %pad/u 12;
    %ix/vec4 4;
    %load/vec4a v0x55f7c96dfbe0, 4;
    %pushi/vec4 1, 0, 1;
    %cmp/e;
    %flag_get/vec4 4;
    %and;
    %flag_set/vec4 8;
    %jmp/0xz  T_0.8, 8;
    %vpi_call 3 93 "$display", "%d # Hit: Writing", $time {0 0 0};
    %load/vec4 v0x55f7c96dfd60_0;
    %load/vec4 v0x55f7c96df600_0;
    %pad/u 17;
    %pad/u 21;
    %muli 16, 0, 21;
    %pad/u 22;
    %load/vec4 v0x55f7c96def70_0;
    %pad/u 6;
    %pad/u 22;
    %add;
    %ix/vec4 4;
    %store/vec4a v0x55f7c96df050, 4, 0;
    %pushi/vec4 1, 0, 1;
    %load/vec4 v0x55f7c96df600_0;
    %pad/u 12;
    %ix/vec4 4;
    %store/vec4a v0x55f7c96df2c0, 4, 0;
    %jmp T_0.9;
T_0.8 ;
    %vpi_call 3 99 "$display", "%d # Miss", $time {0 0 0};
    %load/vec4 v0x55f7c96df600_0;
    %pad/u 12;
    %ix/vec4 4;
    %load/vec4a v0x55f7c96df2c0, 4;
    %cmpi/e 1, 0, 1;
    %jmp/0xz  T_0.10, 4;
    %vpi_call 3 103 "$display", "%d # dirty line", $time {0 0 0};
    %load/vec4 v0x55f7c96df600_0;
    %pad/u 17;
    %pad/u 21;
    %muli 16, 0, 21;
    %ix/vec4 4;
    %load/vec4a v0x55f7c96df050, 4;
    %load/vec4 v0x55f7c96df600_0;
    %pad/u 12;
    %ix/vec4 5;
    %load/vec4a v0x55f7c96df0f0, 5;
    %load/vec4 v0x55f7c96df600_0;
    %concat/vec4; draw_concat_vec4
    %pad/u 20;
    %pad/u 24;
    %muli 16, 0, 24;
    %ix/vec4 4;
    %store/vec4a v0x55f7c96df6e0, 4, 0;
    %load/vec4 v0x55f7c96df600_0;
    %pad/u 17;
    %pad/u 21;
    %muli 16, 0, 21;
    %pad/u 22;
    %pushi/vec4 1, 0, 2;
    %pad/s 22;
    %add;
    %ix/vec4 4;
    %load/vec4a v0x55f7c96df050, 4;
    %load/vec4 v0x55f7c96df600_0;
    %pad/u 12;
    %ix/vec4 5;
    %load/vec4a v0x55f7c96df0f0, 5;
    %load/vec4 v0x55f7c96df600_0;
    %concat/vec4; draw_concat_vec4
    %pad/u 20;
    %pad/u 24;
    %muli 16, 0, 24;
    %pad/u 25;
    %pushi/vec4 1, 0, 2;
    %pad/s 25;
    %add;
    %ix/vec4 4;
    %store/vec4a v0x55f7c96df6e0, 4, 0;
    %load/vec4 v0x55f7c96df600_0;
    %pad/u 17;
    %pad/u 21;
    %muli 16, 0, 21;
    %pad/u 22;
    %pushi/vec4 2, 0, 3;
    %pad/s 22;
    %add;
    %ix/vec4 4;
    %load/vec4a v0x55f7c96df050, 4;
    %load/vec4 v0x55f7c96df600_0;
    %pad/u 12;
    %ix/vec4 5;
    %load/vec4a v0x55f7c96df0f0, 5;
    %load/vec4 v0x55f7c96df600_0;
    %concat/vec4; draw_concat_vec4
    %pad/u 20;
    %pad/u 24;
    %muli 16, 0, 24;
    %pad/u 25;
    %pushi/vec4 2, 0, 3;
    %pad/s 25;
    %add;
    %ix/vec4 4;
    %store/vec4a v0x55f7c96df6e0, 4, 0;
    %load/vec4 v0x55f7c96df600_0;
    %pad/u 17;
    %pad/u 21;
    %muli 16, 0, 21;
    %pad/u 22;
    %pushi/vec4 3, 0, 3;
    %pad/s 22;
    %add;
    %ix/vec4 4;
    %load/vec4a v0x55f7c96df050, 4;
    %load/vec4 v0x55f7c96df600_0;
    %pad/u 12;
    %ix/vec4 5;
    %load/vec4a v0x55f7c96df0f0, 5;
    %load/vec4 v0x55f7c96df600_0;
    %concat/vec4; draw_concat_vec4
    %pad/u 20;
    %pad/u 24;
    %muli 16, 0, 24;
    %pad/u 25;
    %pushi/vec4 3, 0, 3;
    %pad/s 25;
    %add;
    %ix/vec4 4;
    %store/vec4a v0x55f7c96df6e0, 4, 0;
    %load/vec4 v0x55f7c96df600_0;
    %pad/u 17;
    %pad/u 21;
    %muli 16, 0, 21;
    %pad/u 22;
    %pushi/vec4 4, 0, 4;
    %pad/s 22;
    %add;
    %ix/vec4 4;
    %load/vec4a v0x55f7c96df050, 4;
    %load/vec4 v0x55f7c96df600_0;
    %pad/u 12;
    %ix/vec4 5;
    %load/vec4a v0x55f7c96df0f0, 5;
    %load/vec4 v0x55f7c96df600_0;
    %concat/vec4; draw_concat_vec4
    %pad/u 20;
    %pad/u 24;
    %muli 16, 0, 24;
    %pad/u 25;
    %pushi/vec4 4, 0, 4;
    %pad/s 25;
    %add;
    %ix/vec4 4;
    %store/vec4a v0x55f7c96df6e0, 4, 0;
    %load/vec4 v0x55f7c96df600_0;
    %pad/u 17;
    %pad/u 21;
    %muli 16, 0, 21;
    %pad/u 22;
    %pushi/vec4 5, 0, 4;
    %pad/s 22;
    %add;
    %ix/vec4 4;
    %load/vec4a v0x55f7c96df050, 4;
    %load/vec4 v0x55f7c96df600_0;
    %pad/u 12;
    %ix/vec4 5;
    %load/vec4a v0x55f7c96df0f0, 5;
    %load/vec4 v0x55f7c96df600_0;
    %concat/vec4; draw_concat_vec4
    %pad/u 20;
    %pad/u 24;
    %muli 16, 0, 24;
    %pad/u 25;
    %pushi/vec4 5, 0, 4;
    %pad/s 25;
    %add;
    %ix/vec4 4;
    %store/vec4a v0x55f7c96df6e0, 4, 0;
    %load/vec4 v0x55f7c96df600_0;
    %pad/u 17;
    %pad/u 21;
    %muli 16, 0, 21;
    %pad/u 22;
    %pushi/vec4 6, 0, 4;
    %pad/s 22;
    %add;
    %ix/vec4 4;
    %load/vec4a v0x55f7c96df050, 4;
    %load/vec4 v0x55f7c96df600_0;
    %pad/u 12;
    %ix/vec4 5;
    %load/vec4a v0x55f7c96df0f0, 5;
    %load/vec4 v0x55f7c96df600_0;
    %concat/vec4; draw_concat_vec4
    %pad/u 20;
    %pad/u 24;
    %muli 16, 0, 24;
    %pad/u 25;
    %pushi/vec4 6, 0, 4;
    %pad/s 25;
    %add;
    %ix/vec4 4;
    %store/vec4a v0x55f7c96df6e0, 4, 0;
    %load/vec4 v0x55f7c96df600_0;
    %pad/u 17;
    %pad/u 21;
    %muli 16, 0, 21;
    %pad/u 22;
    %pushi/vec4 7, 0, 4;
    %pad/s 22;
    %add;
    %ix/vec4 4;
    %load/vec4a v0x55f7c96df050, 4;
    %load/vec4 v0x55f7c96df600_0;
    %pad/u 12;
    %ix/vec4 5;
    %load/vec4a v0x55f7c96df0f0, 5;
    %load/vec4 v0x55f7c96df600_0;
    %concat/vec4; draw_concat_vec4
    %pad/u 20;
    %pad/u 24;
    %muli 16, 0, 24;
    %pad/u 25;
    %pushi/vec4 7, 0, 4;
    %pad/s 25;
    %add;
    %ix/vec4 4;
    %store/vec4a v0x55f7c96df6e0, 4, 0;
    %load/vec4 v0x55f7c96df600_0;
    %pad/u 17;
    %pad/u 21;
    %muli 16, 0, 21;
    %pad/u 22;
    %pushi/vec4 8, 0, 5;
    %pad/s 22;
    %add;
    %ix/vec4 4;
    %load/vec4a v0x55f7c96df050, 4;
    %load/vec4 v0x55f7c96df600_0;
    %pad/u 12;
    %ix/vec4 5;
    %load/vec4a v0x55f7c96df0f0, 5;
    %load/vec4 v0x55f7c96df600_0;
    %concat/vec4; draw_concat_vec4
    %pad/u 20;
    %pad/u 24;
    %muli 16, 0, 24;
    %pad/u 25;
    %pushi/vec4 8, 0, 5;
    %pad/s 25;
    %add;
    %ix/vec4 4;
    %store/vec4a v0x55f7c96df6e0, 4, 0;
    %load/vec4 v0x55f7c96df600_0;
    %pad/u 17;
    %pad/u 21;
    %muli 16, 0, 21;
    %pad/u 22;
    %pushi/vec4 9, 0, 5;
    %pad/s 22;
    %add;
    %ix/vec4 4;
    %load/vec4a v0x55f7c96df050, 4;
    %load/vec4 v0x55f7c96df600_0;
    %pad/u 12;
    %ix/vec4 5;
    %load/vec4a v0x55f7c96df0f0, 5;
    %load/vec4 v0x55f7c96df600_0;
    %concat/vec4; draw_concat_vec4
    %pad/u 20;
    %pad/u 24;
    %muli 16, 0, 24;
    %pad/u 25;
    %pushi/vec4 9, 0, 5;
    %pad/s 25;
    %add;
    %ix/vec4 4;
    %store/vec4a v0x55f7c96df6e0, 4, 0;
    %load/vec4 v0x55f7c96df600_0;
    %pad/u 17;
    %pad/u 21;
    %muli 16, 0, 21;
    %pad/u 22;
    %pushi/vec4 10, 0, 5;
    %pad/s 22;
    %add;
    %ix/vec4 4;
    %load/vec4a v0x55f7c96df050, 4;
    %load/vec4 v0x55f7c96df600_0;
    %pad/u 12;
    %ix/vec4 5;
    %load/vec4a v0x55f7c96df0f0, 5;
    %load/vec4 v0x55f7c96df600_0;
    %concat/vec4; draw_concat_vec4
    %pad/u 20;
    %pad/u 24;
    %muli 16, 0, 24;
    %pad/u 25;
    %pushi/vec4 10, 0, 5;
    %pad/s 25;
    %add;
    %ix/vec4 4;
    %store/vec4a v0x55f7c96df6e0, 4, 0;
    %load/vec4 v0x55f7c96df600_0;
    %pad/u 17;
    %pad/u 21;
    %muli 16, 0, 21;
    %pad/u 22;
    %pushi/vec4 11, 0, 5;
    %pad/s 22;
    %add;
    %ix/vec4 4;
    %load/vec4a v0x55f7c96df050, 4;
    %load/vec4 v0x55f7c96df600_0;
    %pad/u 12;
    %ix/vec4 5;
    %load/vec4a v0x55f7c96df0f0, 5;
    %load/vec4 v0x55f7c96df600_0;
    %concat/vec4; draw_concat_vec4
    %pad/u 20;
    %pad/u 24;
    %muli 16, 0, 24;
    %pad/u 25;
    %pushi/vec4 11, 0, 5;
    %pad/s 25;
    %add;
    %ix/vec4 4;
    %store/vec4a v0x55f7c96df6e0, 4, 0;
    %load/vec4 v0x55f7c96df600_0;
    %pad/u 17;
    %pad/u 21;
    %muli 16, 0, 21;
    %pad/u 22;
    %pushi/vec4 12, 0, 5;
    %pad/s 22;
    %add;
    %ix/vec4 4;
    %load/vec4a v0x55f7c96df050, 4;
    %load/vec4 v0x55f7c96df600_0;
    %pad/u 12;
    %ix/vec4 5;
    %load/vec4a v0x55f7c96df0f0, 5;
    %load/vec4 v0x55f7c96df600_0;
    %concat/vec4; draw_concat_vec4
    %pad/u 20;
    %pad/u 24;
    %muli 16, 0, 24;
    %pad/u 25;
    %pushi/vec4 12, 0, 5;
    %pad/s 25;
    %add;
    %ix/vec4 4;
    %store/vec4a v0x55f7c96df6e0, 4, 0;
    %load/vec4 v0x55f7c96df600_0;
    %pad/u 17;
    %pad/u 21;
    %muli 16, 0, 21;
    %pad/u 22;
    %pushi/vec4 13, 0, 5;
    %pad/s 22;
    %add;
    %ix/vec4 4;
    %load/vec4a v0x55f7c96df050, 4;
    %load/vec4 v0x55f7c96df600_0;
    %pad/u 12;
    %ix/vec4 5;
    %load/vec4a v0x55f7c96df0f0, 5;
    %load/vec4 v0x55f7c96df600_0;
    %concat/vec4; draw_concat_vec4
    %pad/u 20;
    %pad/u 24;
    %muli 16, 0, 24;
    %pad/u 25;
    %pushi/vec4 13, 0, 5;
    %pad/s 25;
    %add;
    %ix/vec4 4;
    %store/vec4a v0x55f7c96df6e0, 4, 0;
    %load/vec4 v0x55f7c96df600_0;
    %pad/u 17;
    %pad/u 21;
    %muli 16, 0, 21;
    %pad/u 22;
    %pushi/vec4 14, 0, 5;
    %pad/s 22;
    %add;
    %ix/vec4 4;
    %load/vec4a v0x55f7c96df050, 4;
    %load/vec4 v0x55f7c96df600_0;
    %pad/u 12;
    %ix/vec4 5;
    %load/vec4a v0x55f7c96df0f0, 5;
    %load/vec4 v0x55f7c96df600_0;
    %concat/vec4; draw_concat_vec4
    %pad/u 20;
    %pad/u 24;
    %muli 16, 0, 24;
    %pad/u 25;
    %pushi/vec4 14, 0, 5;
    %pad/s 25;
    %add;
    %ix/vec4 4;
    %store/vec4a v0x55f7c96df6e0, 4, 0;
    %load/vec4 v0x55f7c96df600_0;
    %pad/u 17;
    %pad/u 21;
    %muli 16, 0, 21;
    %pad/u 22;
    %pushi/vec4 15, 0, 5;
    %pad/s 22;
    %add;
    %ix/vec4 4;
    %load/vec4a v0x55f7c96df050, 4;
    %load/vec4 v0x55f7c96df600_0;
    %pad/u 12;
    %ix/vec4 5;
    %load/vec4a v0x55f7c96df0f0, 5;
    %load/vec4 v0x55f7c96df600_0;
    %concat/vec4; draw_concat_vec4
    %pad/u 20;
    %pad/u 24;
    %muli 16, 0, 24;
    %pad/u 25;
    %pushi/vec4 15, 0, 5;
    %pad/s 25;
    %add;
    %ix/vec4 4;
    %store/vec4a v0x55f7c96df6e0, 4, 0;
    %pushi/vec4 0, 0, 1;
    %load/vec4 v0x55f7c96df600_0;
    %pad/u 12;
    %ix/vec4 4;
    %store/vec4a v0x55f7c96df2c0, 4, 0;
    %jmp T_0.11;
T_0.10 ;
    %vpi_call 3 124 "$display", "%d # bringing ram block to cache", $time {0 0 0};
    %load/vec4 v0x55f7c96dfb00_0;
    %load/vec4 v0x55f7c96df600_0;
    %concat/vec4; draw_concat_vec4
    %pad/u 20;
    %pad/u 24;
    %muli 16, 0, 24;
    %ix/vec4 4;
    %load/vec4a v0x55f7c96df6e0, 4;
    %load/vec4 v0x55f7c96df600_0;
    %pad/u 17;
    %pad/u 21;
    %muli 16, 0, 21;
    %ix/vec4 4;
    %store/vec4a v0x55f7c96df050, 4, 0;
    %load/vec4 v0x55f7c96dfb00_0;
    %load/vec4 v0x55f7c96df600_0;
    %concat/vec4; draw_concat_vec4
    %pad/u 20;
    %pad/u 24;
    %muli 16, 0, 24;
    %pad/u 25;
    %pushi/vec4 1, 0, 2;
    %pad/s 25;
    %add;
    %ix/vec4 4;
    %load/vec4a v0x55f7c96df6e0, 4;
    %load/vec4 v0x55f7c96df600_0;
    %pad/u 17;
    %pad/u 21;
    %muli 16, 0, 21;
    %pad/u 22;
    %pushi/vec4 1, 0, 2;
    %pad/s 22;
    %add;
    %ix/vec4 4;
    %store/vec4a v0x55f7c96df050, 4, 0;
    %load/vec4 v0x55f7c96dfb00_0;
    %load/vec4 v0x55f7c96df600_0;
    %concat/vec4; draw_concat_vec4
    %pad/u 20;
    %pad/u 24;
    %muli 16, 0, 24;
    %pad/u 25;
    %pushi/vec4 2, 0, 3;
    %pad/s 25;
    %add;
    %ix/vec4 4;
    %load/vec4a v0x55f7c96df6e0, 4;
    %load/vec4 v0x55f7c96df600_0;
    %pad/u 17;
    %pad/u 21;
    %muli 16, 0, 21;
    %pad/u 22;
    %pushi/vec4 2, 0, 3;
    %pad/s 22;
    %add;
    %ix/vec4 4;
    %store/vec4a v0x55f7c96df050, 4, 0;
    %load/vec4 v0x55f7c96dfb00_0;
    %load/vec4 v0x55f7c96df600_0;
    %concat/vec4; draw_concat_vec4
    %pad/u 20;
    %pad/u 24;
    %muli 16, 0, 24;
    %pad/u 25;
    %pushi/vec4 3, 0, 3;
    %pad/s 25;
    %add;
    %ix/vec4 4;
    %load/vec4a v0x55f7c96df6e0, 4;
    %load/vec4 v0x55f7c96df600_0;
    %pad/u 17;
    %pad/u 21;
    %muli 16, 0, 21;
    %pad/u 22;
    %pushi/vec4 3, 0, 3;
    %pad/s 22;
    %add;
    %ix/vec4 4;
    %store/vec4a v0x55f7c96df050, 4, 0;
    %load/vec4 v0x55f7c96dfb00_0;
    %load/vec4 v0x55f7c96df600_0;
    %concat/vec4; draw_concat_vec4
    %pad/u 20;
    %pad/u 24;
    %muli 16, 0, 24;
    %pad/u 25;
    %pushi/vec4 4, 0, 4;
    %pad/s 25;
    %add;
    %ix/vec4 4;
    %load/vec4a v0x55f7c96df6e0, 4;
    %load/vec4 v0x55f7c96df600_0;
    %pad/u 17;
    %pad/u 21;
    %muli 16, 0, 21;
    %pad/u 22;
    %pushi/vec4 4, 0, 4;
    %pad/s 22;
    %add;
    %ix/vec4 4;
    %store/vec4a v0x55f7c96df050, 4, 0;
    %load/vec4 v0x55f7c96dfb00_0;
    %load/vec4 v0x55f7c96df600_0;
    %concat/vec4; draw_concat_vec4
    %pad/u 20;
    %pad/u 24;
    %muli 16, 0, 24;
    %pad/u 25;
    %pushi/vec4 5, 0, 4;
    %pad/s 25;
    %add;
    %ix/vec4 4;
    %load/vec4a v0x55f7c96df6e0, 4;
    %load/vec4 v0x55f7c96df600_0;
    %pad/u 17;
    %pad/u 21;
    %muli 16, 0, 21;
    %pad/u 22;
    %pushi/vec4 5, 0, 4;
    %pad/s 22;
    %add;
    %ix/vec4 4;
    %store/vec4a v0x55f7c96df050, 4, 0;
    %load/vec4 v0x55f7c96dfb00_0;
    %load/vec4 v0x55f7c96df600_0;
    %concat/vec4; draw_concat_vec4
    %pad/u 20;
    %pad/u 24;
    %muli 16, 0, 24;
    %pad/u 25;
    %pushi/vec4 6, 0, 4;
    %pad/s 25;
    %add;
    %ix/vec4 4;
    %load/vec4a v0x55f7c96df6e0, 4;
    %load/vec4 v0x55f7c96df600_0;
    %pad/u 17;
    %pad/u 21;
    %muli 16, 0, 21;
    %pad/u 22;
    %pushi/vec4 6, 0, 4;
    %pad/s 22;
    %add;
    %ix/vec4 4;
    %store/vec4a v0x55f7c96df050, 4, 0;
    %load/vec4 v0x55f7c96dfb00_0;
    %load/vec4 v0x55f7c96df600_0;
    %concat/vec4; draw_concat_vec4
    %pad/u 20;
    %pad/u 24;
    %muli 16, 0, 24;
    %pad/u 25;
    %pushi/vec4 7, 0, 4;
    %pad/s 25;
    %add;
    %ix/vec4 4;
    %load/vec4a v0x55f7c96df6e0, 4;
    %load/vec4 v0x55f7c96df600_0;
    %pad/u 17;
    %pad/u 21;
    %muli 16, 0, 21;
    %pad/u 22;
    %pushi/vec4 7, 0, 4;
    %pad/s 22;
    %add;
    %ix/vec4 4;
    %store/vec4a v0x55f7c96df050, 4, 0;
    %load/vec4 v0x55f7c96dfb00_0;
    %load/vec4 v0x55f7c96df600_0;
    %concat/vec4; draw_concat_vec4
    %pad/u 20;
    %pad/u 24;
    %muli 16, 0, 24;
    %pad/u 25;
    %pushi/vec4 8, 0, 5;
    %pad/s 25;
    %add;
    %ix/vec4 4;
    %load/vec4a v0x55f7c96df6e0, 4;
    %load/vec4 v0x55f7c96df600_0;
    %pad/u 17;
    %pad/u 21;
    %muli 16, 0, 21;
    %pad/u 22;
    %pushi/vec4 8, 0, 5;
    %pad/s 22;
    %add;
    %ix/vec4 4;
    %store/vec4a v0x55f7c96df050, 4, 0;
    %load/vec4 v0x55f7c96dfb00_0;
    %load/vec4 v0x55f7c96df600_0;
    %concat/vec4; draw_concat_vec4
    %pad/u 20;
    %pad/u 24;
    %muli 16, 0, 24;
    %pad/u 25;
    %pushi/vec4 9, 0, 5;
    %pad/s 25;
    %add;
    %ix/vec4 4;
    %load/vec4a v0x55f7c96df6e0, 4;
    %load/vec4 v0x55f7c96df600_0;
    %pad/u 17;
    %pad/u 21;
    %muli 16, 0, 21;
    %pad/u 22;
    %pushi/vec4 9, 0, 5;
    %pad/s 22;
    %add;
    %ix/vec4 4;
    %store/vec4a v0x55f7c96df050, 4, 0;
    %load/vec4 v0x55f7c96dfb00_0;
    %load/vec4 v0x55f7c96df600_0;
    %concat/vec4; draw_concat_vec4
    %pad/u 20;
    %pad/u 24;
    %muli 16, 0, 24;
    %pad/u 25;
    %pushi/vec4 10, 0, 5;
    %pad/s 25;
    %add;
    %ix/vec4 4;
    %load/vec4a v0x55f7c96df6e0, 4;
    %load/vec4 v0x55f7c96df600_0;
    %pad/u 17;
    %pad/u 21;
    %muli 16, 0, 21;
    %pad/u 22;
    %pushi/vec4 10, 0, 5;
    %pad/s 22;
    %add;
    %ix/vec4 4;
    %store/vec4a v0x55f7c96df050, 4, 0;
    %load/vec4 v0x55f7c96dfb00_0;
    %load/vec4 v0x55f7c96df600_0;
    %concat/vec4; draw_concat_vec4
    %pad/u 20;
    %pad/u 24;
    %muli 16, 0, 24;
    %pad/u 25;
    %pushi/vec4 11, 0, 5;
    %pad/s 25;
    %add;
    %ix/vec4 4;
    %load/vec4a v0x55f7c96df6e0, 4;
    %load/vec4 v0x55f7c96df600_0;
    %pad/u 17;
    %pad/u 21;
    %muli 16, 0, 21;
    %pad/u 22;
    %pushi/vec4 11, 0, 5;
    %pad/s 22;
    %add;
    %ix/vec4 4;
    %store/vec4a v0x55f7c96df050, 4, 0;
    %load/vec4 v0x55f7c96dfb00_0;
    %load/vec4 v0x55f7c96df600_0;
    %concat/vec4; draw_concat_vec4
    %pad/u 20;
    %pad/u 24;
    %muli 16, 0, 24;
    %pad/u 25;
    %pushi/vec4 12, 0, 5;
    %pad/s 25;
    %add;
    %ix/vec4 4;
    %load/vec4a v0x55f7c96df6e0, 4;
    %load/vec4 v0x55f7c96df600_0;
    %pad/u 17;
    %pad/u 21;
    %muli 16, 0, 21;
    %pad/u 22;
    %pushi/vec4 12, 0, 5;
    %pad/s 22;
    %add;
    %ix/vec4 4;
    %store/vec4a v0x55f7c96df050, 4, 0;
    %load/vec4 v0x55f7c96dfb00_0;
    %load/vec4 v0x55f7c96df600_0;
    %concat/vec4; draw_concat_vec4
    %pad/u 20;
    %pad/u 24;
    %muli 16, 0, 24;
    %pad/u 25;
    %pushi/vec4 13, 0, 5;
    %pad/s 25;
    %add;
    %ix/vec4 4;
    %load/vec4a v0x55f7c96df6e0, 4;
    %load/vec4 v0x55f7c96df600_0;
    %pad/u 17;
    %pad/u 21;
    %muli 16, 0, 21;
    %pad/u 22;
    %pushi/vec4 13, 0, 5;
    %pad/s 22;
    %add;
    %ix/vec4 4;
    %store/vec4a v0x55f7c96df050, 4, 0;
    %load/vec4 v0x55f7c96dfb00_0;
    %load/vec4 v0x55f7c96df600_0;
    %concat/vec4; draw_concat_vec4
    %pad/u 20;
    %pad/u 24;
    %muli 16, 0, 24;
    %pad/u 25;
    %pushi/vec4 14, 0, 5;
    %pad/s 25;
    %add;
    %ix/vec4 4;
    %load/vec4a v0x55f7c96df6e0, 4;
    %load/vec4 v0x55f7c96df600_0;
    %pad/u 17;
    %pad/u 21;
    %muli 16, 0, 21;
    %pad/u 22;
    %pushi/vec4 14, 0, 5;
    %pad/s 22;
    %add;
    %ix/vec4 4;
    %store/vec4a v0x55f7c96df050, 4, 0;
    %load/vec4 v0x55f7c96dfb00_0;
    %load/vec4 v0x55f7c96df600_0;
    %concat/vec4; draw_concat_vec4
    %pad/u 20;
    %pad/u 24;
    %muli 16, 0, 24;
    %pad/u 25;
    %pushi/vec4 15, 0, 5;
    %pad/s 25;
    %add;
    %ix/vec4 4;
    %load/vec4a v0x55f7c96df6e0, 4;
    %load/vec4 v0x55f7c96df600_0;
    %pad/u 17;
    %pad/u 21;
    %muli 16, 0, 21;
    %pad/u 22;
    %pushi/vec4 15, 0, 5;
    %pad/s 22;
    %add;
    %ix/vec4 4;
    %store/vec4a v0x55f7c96df050, 4, 0;
    %pushi/vec4 1, 0, 1;
    %load/vec4 v0x55f7c96df600_0;
    %pad/u 12;
    %ix/vec4 4;
    %store/vec4a v0x55f7c96dfbe0, 4, 0;
    %load/vec4 v0x55f7c96dfb00_0;
    %load/vec4 v0x55f7c96df600_0;
    %pad/u 12;
    %ix/vec4 4;
    %store/vec4a v0x55f7c96df0f0, 4, 0;
T_0.11 ;
T_0.9 ;
T_0.6 ;
    %jmp T_0;
    .thread T_0;
    .scope S_0x55f7c96bf550;
T_1 ;
    %pushi/vec4 0, 0, 32;
    %store/vec4 v0x55f7c96df360_0, 0, 32;
T_1.0 ;
    %load/vec4 v0x55f7c96df360_0;
    %cmpi/s 8192, 0, 32;
    %jmp/0xz T_1.1, 5;
    %pushi/vec4 0, 0, 32;
    %store/vec4 v0x55f7c96df440_0, 0, 32;
T_1.2 ;
    %load/vec4 v0x55f7c96df440_0;
    %cmpi/s 16, 0, 32;
    %jmp/0xz T_1.3, 5;
    %load/vec4 v0x55f7c96df440_0;
    %load/vec4 v0x55f7c96df360_0;
    %pad/s 37;
    %pad/s 41;
    %muli 16, 0, 41;
    %pad/s 42;
    %load/vec4 v0x55f7c96df440_0;
    %pad/s 42;
    %add;
    %ix/vec4/s 4;
    %store/vec4a v0x55f7c96df6e0, 4, 0;
    %load/vec4 v0x55f7c96df440_0;
    %addi 1, 0, 32;
    %store/vec4 v0x55f7c96df440_0, 0, 32;
    %jmp T_1.2;
T_1.3 ;
    %load/vec4 v0x55f7c96df360_0;
    %addi 1, 0, 32;
    %store/vec4 v0x55f7c96df360_0, 0, 32;
    %jmp T_1.0;
T_1.1 ;
    %pushi/vec4 0, 0, 32;
    %store/vec4 v0x55f7c96df360_0, 0, 32;
T_1.4 ;
    %load/vec4 v0x55f7c96df360_0;
    %cmpi/s 1024, 0, 32;
    %jmp/0xz T_1.5, 5;
    %pushi/vec4 0, 0, 1;
    %ix/getv/s 4, v0x55f7c96df360_0;
    %store/vec4a v0x55f7c96dfbe0, 4, 0;
    %pushi/vec4 0, 0, 1;
    %ix/getv/s 4, v0x55f7c96df360_0;
    %store/vec4a v0x55f7c96df2c0, 4, 0;
    %load/vec4 v0x55f7c96df360_0;
    %addi 1, 0, 32;
    %store/vec4 v0x55f7c96df360_0, 0, 32;
    %jmp T_1.4;
T_1.5 ;
    %end;
    .thread T_1;
    .scope S_0x55f7c96bf3d0;
T_2 ;
    %delay 5, 0;
    %pushi/vec4 1, 0, 1;
    %store/vec4 v0x55f7c96e01e0_0, 0, 1;
    %pushi/vec4 79883, 0, 17;
    %store/vec4 v0x55f7c96e00a0_0, 0, 17;
    %delay 5, 0;
    %pushi/vec4 0, 0, 1;
    %store/vec4 v0x55f7c96e01e0_0, 0, 1;
    %delay 5, 0;
    %vpi_call 2 28 "$display", "%d # %b: %h", $time, v0x55f7c96e00a0_0, v0x55f7c96e0140_0 {0 0 0};
    %delay 5, 0;
    %pushi/vec4 1, 0, 1;
    %store/vec4 v0x55f7c96e0420_0, 0, 1;
    %pushi/vec4 79883, 0, 17;
    %store/vec4 v0x55f7c96e02b0_0, 0, 17;
    %pushi/vec4 252645135, 0, 32;
    %store/vec4 v0x55f7c96e0350_0, 0, 32;
    %delay 5, 0;
    %pushi/vec4 0, 0, 1;
    %store/vec4 v0x55f7c96e0420_0, 0, 1;
    %delay 5, 0;
    %pushi/vec4 1, 0, 1;
    %store/vec4 v0x55f7c96e01e0_0, 0, 1;
    %pushi/vec4 79883, 0, 17;
    %store/vec4 v0x55f7c96e00a0_0, 0, 17;
    %delay 5, 0;
    %pushi/vec4 0, 0, 1;
    %store/vec4 v0x55f7c96e01e0_0, 0, 1;
    %delay 5, 0;
    %vpi_call 2 38 "$display", "%d # %b: %h", $time, v0x55f7c96e00a0_0, v0x55f7c96e0140_0 {0 0 0};
    %delay 5, 0;
    %pushi/vec4 1, 0, 1;
    %store/vec4 v0x55f7c96e01e0_0, 0, 1;
    %pushi/vec4 112651, 0, 17;
    %store/vec4 v0x55f7c96e00a0_0, 0, 17;
    %delay 5, 0;
    %pushi/vec4 0, 0, 1;
    %store/vec4 v0x55f7c96e01e0_0, 0, 1;
    %delay 5, 0;
    %vpi_call 2 43 "$display", "%d # %b: %h", $time, v0x55f7c96e00a0_0, v0x55f7c96e0140_0 {0 0 0};
    %delay 5, 0;
    %pushi/vec4 1, 0, 1;
    %store/vec4 v0x55f7c96e01e0_0, 0, 1;
    %pushi/vec4 79883, 0, 17;
    %store/vec4 v0x55f7c96e00a0_0, 0, 17;
    %delay 5, 0;
    %pushi/vec4 0, 0, 1;
    %store/vec4 v0x55f7c96e01e0_0, 0, 1;
    %delay 5, 0;
    %vpi_call 2 48 "$display", "%d # %b: %h", $time, v0x55f7c96e00a0_0, v0x55f7c96e0140_0 {0 0 0};
    %delay 10, 0;
    %vpi_call 2 50 "$finish" {0 0 0};
    %end;
    .thread T_2;
    .scope S_0x55f7c96bf3d0;
T_3 ;
    %pushi/vec4 0, 0, 1;
    %store/vec4 v0x55f7c96dffe0_0, 0, 1;
T_3.0 ;
    %delay 1, 0;
    %load/vec4 v0x55f7c96dffe0_0;
    %inv;
    %store/vec4 v0x55f7c96dffe0_0, 0, 1;
    %jmp T_3.0;
    %end;
    .thread T_3;
# The file index is used to find the file name in the following table.
:file_names 4;
    "N/A";
    "<interactive>";
    "tb.v";
    "./cache-memory.v";
